MPI startup(): PMI server not found. Please set I_MPI_PMI_LIBRARY variable if it is not a singleton case.
Updating system with the options from the configuration file
Maximum wallclock time: 2 days, 0:00:00

Fri Dec 15 14:31:54 2023
Iteration 2001 (3000 requested)
Continuing iteration 2001
43 segments remain in iteration 2001 (68 total)
1 of 1 (100.000000%) active bins are populated
per-bin minimum non-zero probability:       1
per-bin maximum probability:                1
per-bin probability dynamic range (kT):     0
per-segment minimum non-zero probability:   0.0147059
per-segment maximum non-zero probability:   0.0147059
per-segment probability dynamic range (kT): 0
norm = 1, error in norm = -7.77156e-16 (-3.5*epsilon)
Iteration wallclock: 0:06:45.037564, cputime: 0:30:16.923843


Fri Dec 15 14:38:39 2023
Iteration 2002 (3000 requested)
Beginning iteration 2002
68 segments remain in iteration 2002 (68 total)
1 of 1 (100.000000%) active bins are populated
per-bin minimum non-zero probability:       1
per-bin maximum probability:                1
per-bin probability dynamic range (kT):     0
per-segment minimum non-zero probability:   0.0147059
per-segment maximum non-zero probability:   0.0147059
per-segment probability dynamic range (kT): 0
norm = 1, error in norm = -7.77156e-16 (-3.5*epsilon)
Iteration wallclock: 0:07:57.793155, cputime: 0:34:11.130083


Fri Dec 15 14:46:37 2023
Iteration 2003 (3000 requested)
Beginning iteration 2003
68 segments remain in iteration 2003 (68 total)
1 of 1 (100.000000%) active bins are populated
per-bin minimum non-zero probability:       1
per-bin maximum probability:                1
per-bin probability dynamic range (kT):     0
per-segment minimum non-zero probability:   0.0147059
per-segment maximum non-zero probability:   0.0147059
per-segment probability dynamic range (kT): 0
norm = 1, error in norm = -7.77156e-16 (-3.5*epsilon)
Iteration wallclock: 0:08:01.822147, cputime: 0:34:11.601624


Fri Dec 15 14:54:38 2023
Iteration 2004 (3000 requested)
Beginning iteration 2004
68 segments remain in iteration 2004 (68 total)
1 of 1 (100.000000%) active bins are populated
per-bin minimum non-zero probability:       1
per-bin maximum probability:                1
per-bin probability dynamic range (kT):     0
per-segment minimum non-zero probability:   0.0147059
per-segment maximum non-zero probability:   0.0147059
per-segment probability dynamic range (kT): 0
norm = 1, error in norm = -7.77156e-16 (-3.5*epsilon)
Iteration wallclock: 0:07:49.874195, cputime: 0:34:07.759076


Fri Dec 15 15:02:28 2023
Iteration 2005 (3000 requested)
Beginning iteration 2005
68 segments remain in iteration 2005 (68 total)
1 of 1 (100.000000%) active bins are populated
per-bin minimum non-zero probability:       1
per-bin maximum probability:                1
per-bin probability dynamic range (kT):     0
per-segment minimum non-zero probability:   0.0147059
per-segment maximum non-zero probability:   0.0147059
per-segment probability dynamic range (kT): 0
norm = 1, error in norm = -7.77156e-16 (-3.5*epsilon)
Iteration wallclock: 0:07:59.636877, cputime: 0:34:24.273251


Fri Dec 15 15:10:28 2023
Iteration 2006 (3000 requested)
Beginning iteration 2006
68 segments remain in iteration 2006 (68 total)
1 of 1 (100.000000%) active bins are populated
per-bin minimum non-zero probability:       1
per-bin maximum probability:                1
per-bin probability dynamic range (kT):     0
per-segment minimum non-zero probability:   0.0147059
per-segment maximum non-zero probability:   0.0147059
per-segment probability dynamic range (kT): 0
norm = 1, error in norm = -7.77156e-16 (-3.5*epsilon)
Iteration wallclock: 0:07:54.045537, cputime: 0:34:17.310801


Fri Dec 15 15:18:22 2023
Iteration 2007 (3000 requested)
Beginning iteration 2007
68 segments remain in iteration 2007 (68 total)
1 of 1 (100.000000%) active bins are populated
per-bin minimum non-zero probability:       1
per-bin maximum probability:                1
per-bin probability dynamic range (kT):     0
per-segment minimum non-zero probability:   0.0147059
per-segment maximum non-zero probability:   0.0147059
per-segment probability dynamic range (kT): 0
norm = 1, error in norm = -7.77156e-16 (-3.5*epsilon)
Iteration wallclock: 0:07:54.906415, cputime: 0:34:28.162785


Fri Dec 15 15:26:18 2023
Iteration 2008 (3000 requested)
Beginning iteration 2008
68 segments remain in iteration 2008 (68 total)
1 of 1 (100.000000%) active bins are populated
per-bin minimum non-zero probability:       1
per-bin maximum probability:                1
per-bin probability dynamic range (kT):     0
per-segment minimum non-zero probability:   0.0147059
per-segment maximum non-zero probability:   0.0147059
per-segment probability dynamic range (kT): 0
norm = 1, error in norm = -7.77156e-16 (-3.5*epsilon)
Iteration wallclock: 0:08:17.210199, cputime: 0:34:21.523463


Fri Dec 15 15:34:35 2023
Iteration 2009 (3000 requested)
Beginning iteration 2009
68 segments remain in iteration 2009 (68 total)
1 of 1 (100.000000%) active bins are populated
per-bin minimum non-zero probability:       1
per-bin maximum probability:                1
per-bin probability dynamic range (kT):     0
per-segment minimum non-zero probability:   0.0147059
per-segment maximum non-zero probability:   0.0147059
per-segment probability dynamic range (kT): 0
norm = 1, error in norm = -7.77156e-16 (-3.5*epsilon)
Iteration wallclock: 0:08:10.148556, cputime: 0:34:23.377001


Fri Dec 15 15:42:45 2023
Iteration 2010 (3000 requested)
Beginning iteration 2010
68 segments remain in iteration 2010 (68 total)
1 of 1 (100.000000%) active bins are populated
per-bin minimum non-zero probability:       1
per-bin maximum probability:                1
per-bin probability dynamic range (kT):     0
per-segment minimum non-zero probability:   0.0147059
per-segment maximum non-zero probability:   0.0147059
per-segment probability dynamic range (kT): 0
norm = 1, error in norm = -7.77156e-16 (-3.5*epsilon)
Iteration wallclock: 0:08:34.971314, cputime: 0:34:24.361424


Fri Dec 15 15:51:20 2023
Iteration 2011 (3000 requested)
Beginning iteration 2011
68 segments remain in iteration 2011 (68 total)
1 of 1 (100.000000%) active bins are populated
per-bin minimum non-zero probability:       1
per-bin maximum probability:                1
per-bin probability dynamic range (kT):     0
per-segment minimum non-zero probability:   0.0147059
per-segment maximum non-zero probability:   0.0147059
per-segment probability dynamic range (kT): 0
norm = 1, error in norm = -7.77156e-16 (-3.5*epsilon)
Iteration wallclock: 0:08:13.589874, cputime: 0:34:31.797938


Fri Dec 15 15:59:34 2023
Iteration 2012 (3000 requested)
Beginning iteration 2012
68 segments remain in iteration 2012 (68 total)
1 of 1 (100.000000%) active bins are populated
per-bin minimum non-zero probability:       1
per-bin maximum probability:                1
per-bin probability dynamic range (kT):     0
per-segment minimum non-zero probability:   0.0147059
per-segment maximum non-zero probability:   0.0147059
per-segment probability dynamic range (kT): 0
norm = 1, error in norm = -7.77156e-16 (-3.5*epsilon)
Iteration wallclock: 0:07:59.405974, cputime: 0:34:24.199713


Fri Dec 15 16:07:34 2023
Iteration 2013 (3000 requested)
Beginning iteration 2013
68 segments remain in iteration 2013 (68 total)
1 of 1 (100.000000%) active bins are populated
per-bin minimum non-zero probability:       1
per-bin maximum probability:                1
per-bin probability dynamic range (kT):     0
per-segment minimum non-zero probability:   0.0147059
per-segment maximum non-zero probability:   0.0147059
per-segment probability dynamic range (kT): 0
norm = 1, error in norm = -7.77156e-16 (-3.5*epsilon)
Iteration wallclock: 0:07:51.738726, cputime: 0:34:08.477771


Fri Dec 15 16:15:26 2023
Iteration 2014 (3000 requested)
Beginning iteration 2014
68 segments remain in iteration 2014 (68 total)
1 of 1 (100.000000%) active bins are populated
per-bin minimum non-zero probability:       1
per-bin maximum probability:                1
per-bin probability dynamic range (kT):     0
per-segment minimum non-zero probability:   0.0147059
per-segment maximum non-zero probability:   0.0147059
per-segment probability dynamic range (kT): 0
norm = 1, error in norm = -7.77156e-16 (-3.5*epsilon)
Iteration wallclock: 0:07:51.609373, cputime: 0:34:09.483582


Fri Dec 15 16:23:18 2023
Iteration 2015 (3000 requested)
Beginning iteration 2015
68 segments remain in iteration 2015 (68 total)
1 of 1 (100.000000%) active bins are populated
per-bin minimum non-zero probability:       1
per-bin maximum probability:                1
per-bin probability dynamic range (kT):     0
per-segment minimum non-zero probability:   0.0147059
per-segment maximum non-zero probability:   0.0147059
per-segment probability dynamic range (kT): 0
norm = 1, error in norm = -7.77156e-16 (-3.5*epsilon)
Iteration wallclock: 0:07:58.629648, cputime: 0:34:11.476186


Fri Dec 15 16:31:17 2023
Iteration 2016 (3000 requested)
Beginning iteration 2016
68 segments remain in iteration 2016 (68 total)
1 of 1 (100.000000%) active bins are populated
per-bin minimum non-zero probability:       1
per-bin maximum probability:                1
per-bin probability dynamic range (kT):     0
per-segment minimum non-zero probability:   0.0147059
per-segment maximum non-zero probability:   0.0147059
per-segment probability dynamic range (kT): 0
norm = 1, error in norm = -7.77156e-16 (-3.5*epsilon)
Iteration wallclock: 0:07:58.708852, cputime: 0:34:25.858733


Fri Dec 15 16:39:15 2023
Iteration 2017 (3000 requested)
Beginning iteration 2017
68 segments remain in iteration 2017 (68 total)
1 of 1 (100.000000%) active bins are populated
per-bin minimum non-zero probability:       1
per-bin maximum probability:                1
per-bin probability dynamic range (kT):     0
per-segment minimum non-zero probability:   0.0147059
per-segment maximum non-zero probability:   0.0147059
per-segment probability dynamic range (kT): 0
norm = 1, error in norm = -7.77156e-16 (-3.5*epsilon)
Iteration wallclock: 0:08:03.161346, cputime: 0:34:28.514791


Fri Dec 15 16:47:19 2023
Iteration 2018 (3000 requested)
Beginning iteration 2018
68 segments remain in iteration 2018 (68 total)
1 of 1 (100.000000%) active bins are populated
per-bin minimum non-zero probability:       1
per-bin maximum probability:                1
per-bin probability dynamic range (kT):     0
per-segment minimum non-zero probability:   0.0147059
per-segment maximum non-zero probability:   0.0147059
per-segment probability dynamic range (kT): 0
norm = 1, error in norm = -7.77156e-16 (-3.5*epsilon)
Iteration wallclock: 0:08:20.488442, cputime: 0:34:32.274551


Fri Dec 15 16:55:40 2023
Iteration 2019 (3000 requested)
Beginning iteration 2019
68 segments remain in iteration 2019 (68 total)
1 of 1 (100.000000%) active bins are populated
per-bin minimum non-zero probability:       1
per-bin maximum probability:                1
per-bin probability dynamic range (kT):     0
per-segment minimum non-zero probability:   0.0147059
per-segment maximum non-zero probability:   0.0147059
per-segment probability dynamic range (kT): 0
norm = 1, error in norm = -7.77156e-16 (-3.5*epsilon)
Iteration wallclock: 0:08:57.098676, cputime: 0:34:32.972311


Fri Dec 15 17:04:37 2023
Iteration 2020 (3000 requested)
Beginning iteration 2020
68 segments remain in iteration 2020 (68 total)
1 of 1 (100.000000%) active bins are populated
per-bin minimum non-zero probability:       1
per-bin maximum probability:                1
per-bin probability dynamic range (kT):     0
per-segment minimum non-zero probability:   0.0147059
per-segment maximum non-zero probability:   0.0147059
per-segment probability dynamic range (kT): 0
norm = 1, error in norm = -7.77156e-16 (-3.5*epsilon)
-- ERROR    [westpa.work_managers.core] -- uncaught exception in remote function
Traceback (most recent call last):
  File "/home1/09416/dty7/work/module_build_we_amber/modules/westpa/22.06_b/lib/python3.9/site-packages/westpa/core/propagators/executable.py", line 520, in prepare_file_system
    os.makedirs(environ[self.ENV_CURRENT_SEG_DATA_REF])
  File "/work/09416/dty7/ls6/module_build_we_amber/modules/envwestpa/1.0_b/lib/python3.9/os.py", line 225, in makedirs
    mkdir(name, mode)
FileNotFoundError: [Errno 2] No such file or directory: '/home1/09416/dty7/scratch/d1d2/2kod/ls6-we/stability_test_v00/traj_segs/002020/000000'

During handling of the above exception, another exception occurred:

Traceback (most recent call last):
  File "/home1/09416/dty7/work/module_build_we_amber/modules/westpa/22.06_b/lib/python3.9/site-packages/westpa/work_managers/zeromq/core.py", line 153, in execute
    rsl.result = self.fn(*self.args, **self.kwargs)
  File "/home1/09416/dty7/work/module_build_we_amber/modules/westpa/22.06_b/lib/python3.9/site-packages/westpa/core/wm_ops.py", line 40, in propagate
    incoming_segments = {segment.seg_id: segment for segment in propagator.propagate(segments)}
  File "/home1/09416/dty7/work/module_build_we_amber/modules/westpa/22.06_b/lib/python3.9/site-packages/westpa/core/propagators/executable.py", line 681, in propagate
    rc, rusage = self.exec_for_segment(child_info, segment, addtl_env)
  File "/home1/09416/dty7/work/module_build_we_amber/modules/westpa/22.06_b/lib/python3.9/site-packages/westpa/core/propagators/executable.py", line 489, in exec_for_segment
    self.prepare_file_system(segment, environ)
  File "/home1/09416/dty7/work/module_build_we_amber/modules/westpa/22.06_b/lib/python3.9/site-packages/westpa/core/propagators/executable.py", line 523, in prepare_file_system
    shutil.rmtree(environ[self.ENV_CURRENT_SEG_DATA_REF])
  File "/work/09416/dty7/ls6/module_build_we_amber/modules/envwestpa/1.0_b/lib/python3.9/shutil.py", line 724, in rmtree
    onerror(os.lstat, path, sys.exc_info())
  File "/work/09416/dty7/ls6/module_build_we_amber/modules/envwestpa/1.0_b/lib/python3.9/shutil.py", line 722, in rmtree
    orig_st = os.lstat(path)
FileNotFoundError: [Errno 2] No such file or directory: '/home1/09416/dty7/scratch/d1d2/2kod/ls6-we/stability_test_v00/traj_segs/002020/000000'

exception caught; shutting down
-- ERROR    [w_run] -- error message: [Errno 2] No such file or directory: '/home1/09416/dty7/scratch/d1d2/2kod/ls6-we/stability_test_v00/traj_segs/002020/000000'
-- ERROR    [w_run] -- Traceback (most recent call last):
  File "/home1/09416/dty7/work/module_build_we_amber/modules/westpa/22.06_b/lib/python3.9/site-packages/westpa/cli/core/w_run.py", line 61, in run_simulation
    sim_manager.run()
  File "/scratch/09416/dty7/d1d2/2kod/ls6-we/stability_test_v00/manager.py", line 706, in run
    self.propagate()
  File "/scratch/09416/dty7/d1d2/2kod/ls6-we/stability_test_v00/manager.py", line 550, in propagate
    incoming = future.get_result()
  File "/home1/09416/dty7/work/module_build_we_amber/modules/westpa/22.06_b/lib/python3.9/site-packages/westpa/work_managers/core.py", line 332, in get_result
    raise self._exception
FileNotFoundError: [Errno 2] No such file or directory: '/home1/09416/dty7/scratch/d1d2/2kod/ls6-we/stability_test_v00/traj_segs/002020/000000'

