MPI startup(): PMI server not found. Please set I_MPI_PMI_LIBRARY variable if it is not a singleton case.
Updating system with the options from the configuration file
Maximum wallclock time: 2 days, 0:00:00

Tue Mar 12 21:23:53 2024
Iteration 23 (1000 requested)
Beginning iteration 23
60 segments remain in iteration 23 (60 total)
6 of 38 (15.789474%) active bins are populated
per-bin minimum non-zero probability:       0.00871537
per-bin maximum probability:                0.433917
per-bin probability dynamic range (kT):     3.90776
per-segment minimum non-zero probability:   1.01613e-07
per-segment maximum non-zero probability:   0.104102
per-segment probability dynamic range (kT): 13.8397
norm = 1, error in norm = -1.11022e-16 (-0.5*epsilon)
Iteration wallclock: 0:04:14.367337, cputime: 0:30:16.999601


Tue Mar 12 21:28:07 2024
Iteration 24 (1000 requested)
Beginning iteration 24
54 segments remain in iteration 24 (54 total)
6 of 38 (15.789474%) active bins are populated
per-bin minimum non-zero probability:       0.00661274
per-bin maximum probability:                0.445893
per-bin probability dynamic range (kT):     4.21108
per-segment minimum non-zero probability:   0.000199029
per-segment maximum non-zero probability:   0.104102
per-segment probability dynamic range (kT): 6.25968
norm = 1, error in norm = 0 (0*epsilon)
Iteration wallclock: 0:03:35.019009, cputime: 0:27:19.202222


Tue Mar 12 21:31:42 2024
Iteration 25 (1000 requested)
Beginning iteration 25
60 segments remain in iteration 25 (60 total)
6 of 38 (15.789474%) active bins are populated
per-bin minimum non-zero probability:       0.0134423
per-bin maximum probability:                0.410262
per-bin probability dynamic range (kT):     3.41839
per-segment minimum non-zero probability:   3.37657e-05
per-segment maximum non-zero probability:   0.0824482
per-segment probability dynamic range (kT): 7.80048
norm = 1, error in norm = 2.22045e-16 (1*epsilon)
Iteration wallclock: 0:04:06.207542, cputime: 0:30:16.308341


Tue Mar 12 21:35:48 2024
Iteration 26 (1000 requested)
Beginning iteration 26
54 segments remain in iteration 26 (54 total)
6 of 38 (15.789474%) active bins are populated
per-bin minimum non-zero probability:       0.00694499
per-bin maximum probability:                0.357413
per-bin probability dynamic range (kT):     3.94087
per-segment minimum non-zero probability:   0.00018025
per-segment maximum non-zero probability:   0.0869385
per-segment probability dynamic range (kT): 6.17861
norm = 1, error in norm = 0 (0*epsilon)
Iteration wallclock: 0:03:35.291220, cputime: 0:27:15.817807


Tue Mar 12 21:39:24 2024
Iteration 27 (1000 requested)
Beginning iteration 27
60 segments remain in iteration 27 (60 total)
6 of 38 (15.789474%) active bins are populated
per-bin minimum non-zero probability:       0.00235562
per-bin maximum probability:                0.411932
per-bin probability dynamic range (kT):     5.16405
per-segment minimum non-zero probability:   3.00416e-05
per-segment maximum non-zero probability:   0.0908827
per-segment probability dynamic range (kT): 8.01474
norm = 1, error in norm = 2.22045e-16 (1*epsilon)
Iteration wallclock: 0:04:03.603003, cputime: 0:30:14.116022


Tue Mar 12 21:43:27 2024
Iteration 28 (1000 requested)
Beginning iteration 28
60 segments remain in iteration 28 (60 total)
6 of 38 (15.789474%) active bins are populated
per-bin minimum non-zero probability:       0.00757643
per-bin maximum probability:                0.315533
per-bin probability dynamic range (kT):     3.72922
per-segment minimum non-zero probability:   6.00832e-05
per-segment maximum non-zero probability:   0.0677205
per-segment probability dynamic range (kT): 7.02741
norm = 1, error in norm = 2.22045e-16 (1*epsilon)
Iteration wallclock: 0:04:06.885576, cputime: 0:30:11.192803


Tue Mar 12 21:47:34 2024
Iteration 29 (1000 requested)
Beginning iteration 29
54 segments remain in iteration 29 (54 total)
6 of 38 (15.789474%) active bins are populated
per-bin minimum non-zero probability:       0.00353769
per-bin maximum probability:                0.460156
per-bin probability dynamic range (kT):     4.86809
per-segment minimum non-zero probability:   1.00139e-05
per-segment maximum non-zero probability:   0.105888
per-segment probability dynamic range (kT): 9.26616
norm = 1, error in norm = 2.22045e-16 (1*epsilon)
Iteration wallclock: 0:03:33.517726, cputime: 0:27:15.408536


Tue Mar 12 21:51:08 2024
Iteration 30 (1000 requested)
Beginning iteration 30
60 segments remain in iteration 30 (60 total)
6 of 38 (15.789474%) active bins are populated
per-bin minimum non-zero probability:       0.00391438
per-bin maximum probability:                0.426253
per-bin probability dynamic range (kT):     4.69038
per-segment minimum non-zero probability:   2.00277e-05
per-segment maximum non-zero probability:   0.105888
per-segment probability dynamic range (kT): 8.57301
norm = 1, error in norm = 2.22045e-16 (1*epsilon)
Iteration wallclock: 0:04:09.943877, cputime: 0:30:09.005610


Tue Mar 12 21:55:18 2024
Iteration 31 (1000 requested)
Beginning iteration 31
60 segments remain in iteration 31 (60 total)
6 of 38 (15.789474%) active bins are populated
per-bin minimum non-zero probability:       0.00503466
per-bin maximum probability:                0.408373
per-bin probability dynamic range (kT):     4.39583
per-segment minimum non-zero probability:   3.33796e-06
per-segment maximum non-zero probability:   0.100647
per-segment probability dynamic range (kT): 10.314
norm = 1, error in norm = 0 (0*epsilon)
Iteration wallclock: 0:04:04.508618, cputime: 0:29:57.443979


Tue Mar 12 21:59:22 2024
Iteration 32 (1000 requested)
Beginning iteration 32
54 segments remain in iteration 32 (54 total)
6 of 38 (15.789474%) active bins are populated
per-bin minimum non-zero probability:       0.00111695
per-bin maximum probability:                0.380408
per-bin probability dynamic range (kT):     5.83064
per-segment minimum non-zero probability:   3.32473e-06
per-segment maximum non-zero probability:   0.0684931
per-segment probability dynamic range (kT): 9.9331
norm = 1, error in norm = -2.22045e-16 (-1*epsilon)
Iteration wallclock: 0:03:32.591439, cputime: 0:27:05.806645


Tue Mar 12 22:02:55 2024
Iteration 33 (1000 requested)
Beginning iteration 33
60 segments remain in iteration 33 (60 total)
6 of 38 (15.789474%) active bins are populated
per-bin minimum non-zero probability:       0.0286854
per-bin maximum probability:                0.376646
per-bin probability dynamic range (kT):     2.57492
per-segment minimum non-zero probability:   4.74092e-05
per-segment maximum non-zero probability:   0.0898066
per-segment probability dynamic range (kT): 7.5466
norm = 1, error in norm = -1.11022e-16 (-0.5*epsilon)
Iteration wallclock: 0:04:11.064625, cputime: 0:30:01.310188


Tue Mar 12 22:07:06 2024
Iteration 34 (1000 requested)
Beginning iteration 34
60 segments remain in iteration 34 (60 total)
6 of 38 (15.789474%) active bins are populated
per-bin minimum non-zero probability:       0.0137236
per-bin maximum probability:                0.399297
per-bin probability dynamic range (kT):     3.37059
per-segment minimum non-zero probability:   7.90154e-06
per-segment maximum non-zero probability:   0.104883
per-segment probability dynamic range (kT): 9.49354
norm = 1, error in norm = 2.22045e-16 (1*epsilon)
Iteration wallclock: 0:04:11.681796, cputime: 0:30:11.246749


Tue Mar 12 22:11:18 2024
Iteration 35 (1000 requested)
Beginning iteration 35
54 segments remain in iteration 35 (54 total)
6 of 38 (15.789474%) active bins are populated
per-bin minimum non-zero probability:       0.00464437
per-bin maximum probability:                0.391481
per-bin probability dynamic range (kT):     4.43428
per-segment minimum non-zero probability:   1.31692e-06
per-segment maximum non-zero probability:   0.104883
per-segment probability dynamic range (kT): 11.2853
norm = 1, error in norm = 2.22045e-16 (1*epsilon)
Iteration wallclock: 0:03:31.525280, cputime: 0:27:20.763848


Tue Mar 12 22:14:49 2024
Iteration 36 (1000 requested)
Beginning iteration 36
60 segments remain in iteration 36 (60 total)
6 of 38 (15.789474%) active bins are populated
per-bin minimum non-zero probability:       0.00761035
per-bin maximum probability:                0.402666
per-bin probability dynamic range (kT):     3.9686
per-segment minimum non-zero probability:   2.19487e-07
per-segment maximum non-zero probability:   0.104883
per-segment probability dynamic range (kT): 13.0771
norm = 1, error in norm = 0 (0*epsilon)
Iteration wallclock: 0:04:01.227682, cputime: 0:30:24.269793


Tue Mar 12 22:18:50 2024
Iteration 37 (1000 requested)
Beginning iteration 37
60 segments remain in iteration 37 (60 total)
6 of 38 (15.789474%) active bins are populated
per-bin minimum non-zero probability:       0.011415
per-bin maximum probability:                0.475192
per-bin probability dynamic range (kT):     3.72879
per-segment minimum non-zero probability:   3.65812e-08
per-segment maximum non-zero probability:   0.118487
per-segment probability dynamic range (kT): 14.9908
norm = 1, error in norm = 2.22045e-16 (1*epsilon)
Iteration wallclock: 0:04:38.744249, cputime: 0:30:30.293573


Tue Mar 12 22:23:29 2024
Iteration 38 (1000 requested)
Beginning iteration 38
60 segments remain in iteration 38 (60 total)
6 of 38 (15.789474%) active bins are populated
per-bin minimum non-zero probability:       0.0230675
per-bin maximum probability:                0.354461
per-bin probability dynamic range (kT):     2.73218
per-segment minimum non-zero probability:   6.09687e-09
per-segment maximum non-zero probability:   0.0649329
per-segment probability dynamic range (kT): 16.1811
norm = 1, error in norm = 2.22045e-16 (1*epsilon)
Iteration wallclock: 0:04:52.546540, cputime: 0:30:32.440578


Tue Mar 12 22:28:22 2024
Iteration 39 (1000 requested)
Beginning iteration 39
60 segments remain in iteration 39 (60 total)
6 of 38 (15.789474%) active bins are populated
per-bin minimum non-zero probability:       0.00380493
per-bin maximum probability:                0.469117
per-bin probability dynamic range (kT):     4.81455
per-segment minimum non-zero probability:   1.01614e-09
per-segment maximum non-zero probability:   0.114534
per-segment probability dynamic range (kT): 18.5404
norm = 1, error in norm = 2.22045e-16 (1*epsilon)
Iteration wallclock: 0:04:40.558779, cputime: 0:30:21.876650


Tue Mar 12 22:33:02 2024
Iteration 40 (1000 requested)
Beginning iteration 40
60 segments remain in iteration 40 (60 total)
6 of 38 (15.789474%) active bins are populated
per-bin minimum non-zero probability:       0.00158539
per-bin maximum probability:                0.382066
per-bin probability dynamic range (kT):     5.48476
per-segment minimum non-zero probability:   1.69357e-10
per-segment maximum non-zero probability:   0.0919371
per-segment probability dynamic range (kT): 20.1124
norm = 1, error in norm = 0 (0*epsilon)
Iteration wallclock: 0:04:39.167763, cputime: 0:30:20.879249


Tue Mar 12 22:37:42 2024
Iteration 41 (1000 requested)
Beginning iteration 41
54 segments remain in iteration 41 (54 total)
6 of 38 (15.789474%) active bins are populated
per-bin minimum non-zero probability:       0.000211388
per-bin maximum probability:                0.394625
per-bin probability dynamic range (kT):     7.53199
per-segment minimum non-zero probability:   2.82262e-11
per-segment maximum non-zero probability:   0.0919371
per-segment probability dynamic range (kT): 21.9041
norm = 1, error in norm = 2.22045e-16 (1*epsilon)
Iteration wallclock: 0:04:12.882568, cputime: 0:27:12.293069


Tue Mar 12 22:41:55 2024
Iteration 42 (1000 requested)
Beginning iteration 42
60 segments remain in iteration 42 (60 total)
6 of 38 (15.789474%) active bins are populated
per-bin minimum non-zero probability:       2.64237e-05
per-bin maximum probability:                0.417485
per-bin probability dynamic range (kT):     9.66774
per-segment minimum non-zero probability:   4.70437e-12
per-segment maximum non-zero probability:   0.0919371
per-segment probability dynamic range (kT): 23.6959
norm = 1, error in norm = -1.11022e-16 (-0.5*epsilon)
Iteration wallclock: 0:04:41.667378, cputime: 0:30:23.375897


Tue Mar 12 22:46:36 2024
Iteration 43 (1000 requested)
Beginning iteration 43
54 segments remain in iteration 43 (54 total)
6 of 38 (15.789474%) active bins are populated
per-bin minimum non-zero probability:       0.000163834
per-bin maximum probability:                0.390053
per-bin probability dynamic range (kT):     7.77519
per-segment minimum non-zero probability:   1.56812e-12
per-segment maximum non-zero probability:   0.0777061
per-segment probability dynamic range (kT): 24.6263
norm = 1, error in norm = 0 (0*epsilon)
Iteration wallclock: 0:04:02.796354, cputime: 0:27:20.868639


Tue Mar 12 22:50:39 2024
Iteration 44 (1000 requested)
Beginning iteration 44
60 segments remain in iteration 44 (60 total)
6 of 38 (15.789474%) active bins are populated
per-bin minimum non-zero probability:       0.0154381
per-bin maximum probability:                0.272761
per-bin probability dynamic range (kT):     2.87176
per-segment minimum non-zero probability:   2.61354e-13
per-segment maximum non-zero probability:   0.0776737
per-segment probability dynamic range (kT): 26.4177
norm = 1, error in norm = 2.22045e-16 (1*epsilon)
Iteration wallclock: 0:04:26.232313, cputime: 0:30:23.714891


Tue Mar 12 22:55:05 2024
Iteration 45 (1000 requested)
Beginning iteration 45
60 segments remain in iteration 45 (60 total)
6 of 38 (15.789474%) active bins are populated
per-bin minimum non-zero probability:       0.00624457
per-bin maximum probability:                0.349737
per-bin probability dynamic range (kT):     4.02547
per-segment minimum non-zero probability:   4.3559e-14
per-segment maximum non-zero probability:   0.0779302
per-segment probability dynamic range (kT): 28.2127
norm = 1, error in norm = 2.22045e-16 (1*epsilon)
Iteration wallclock: 0:04:25.398975, cputime: 0:30:24.582475


Tue Mar 12 22:59:31 2024
Iteration 46 (1000 requested)
Beginning iteration 46
60 segments remain in iteration 46 (60 total)
6 of 38 (15.789474%) active bins are populated
per-bin minimum non-zero probability:       0.00124926
per-bin maximum probability:                0.378686
per-bin probability dynamic range (kT):     5.71416
per-segment minimum non-zero probability:   7.25983e-15
per-segment maximum non-zero probability:   0.0779302
per-segment probability dynamic range (kT): 30.0045
norm = 1, error in norm = 2.22045e-16 (1*epsilon)
Iteration wallclock: 0:04:27.997021, cputime: 0:30:29.728032


Tue Mar 12 23:03:59 2024
Iteration 47 (1000 requested)
Beginning iteration 47
60 segments remain in iteration 47 (60 total)
6 of 38 (15.789474%) active bins are populated
per-bin minimum non-zero probability:       0.000450097
per-bin maximum probability:                0.511177
per-bin probability dynamic range (kT):     7.03501
per-segment minimum non-zero probability:   2.80654e-06
per-segment maximum non-zero probability:   0.115275
per-segment probability dynamic range (kT): 10.6231
norm = 1, error in norm = 0 (0*epsilon)
Iteration wallclock: 0:04:33.495006, cputime: 0:30:32.110062


Tue Mar 12 23:08:32 2024
Iteration 48 (1000 requested)
Beginning iteration 48
60 segments remain in iteration 48 (60 total)
6 of 38 (15.789474%) active bins are populated
per-bin minimum non-zero probability:       0.00484216
per-bin maximum probability:                0.327907
per-bin probability dynamic range (kT):     4.21537
per-segment minimum non-zero probability:   4.67756e-07
per-segment maximum non-zero probability:   0.0776737
per-segment probability dynamic range (kT): 12.0201
norm = 1, error in norm = 0 (0*epsilon)
Iteration wallclock: 0:04:27.670401, cputime: 0:30:37.745624


Tue Mar 12 23:13:00 2024
Iteration 49 (1000 requested)
Beginning iteration 49
60 segments remain in iteration 49 (60 total)
6 of 38 (15.789474%) active bins are populated
per-bin minimum non-zero probability:       0.0320767
per-bin maximum probability:                0.469076
per-bin probability dynamic range (kT):     2.68263
per-segment minimum non-zero probability:   7.79594e-08
per-segment maximum non-zero probability:   0.109087
per-segment probability dynamic range (kT): 14.1515
norm = 1, error in norm = 2.22045e-16 (1*epsilon)
Iteration wallclock: 0:04:49.236396, cputime: 0:30:23.355876


Tue Mar 12 23:17:49 2024
Iteration 50 (1000 requested)
Beginning iteration 50
60 segments remain in iteration 50 (60 total)
6 of 38 (15.789474%) active bins are populated
per-bin minimum non-zero probability:       0.000782113
per-bin maximum probability:                0.318908
per-bin probability dynamic range (kT):     6.01066
per-segment minimum non-zero probability:   1.29932e-08
per-segment maximum non-zero probability:   0.084223
per-segment probability dynamic range (kT): 15.6845
norm = 1, error in norm = 2.22045e-16 (1*epsilon)
Iteration wallclock: 0:04:46.075979, cputime: 0:30:15.098516


Tue Mar 12 23:22:35 2024
Iteration 51 (1000 requested)
Beginning iteration 51
60 segments remain in iteration 51 (60 total)
6 of 38 (15.789474%) active bins are populated
per-bin minimum non-zero probability:       0.004987
per-bin maximum probability:                0.337328
per-bin probability dynamic range (kT):     4.21422
per-segment minimum non-zero probability:   2.16554e-09
per-segment maximum non-zero probability:   0.0714281
per-segment probability dynamic range (kT): 17.3115
norm = 1, error in norm = -1.11022e-16 (-0.5*epsilon)
Iteration wallclock: 0:04:36.543534, cputime: 0:30:19.275370


Tue Mar 12 23:27:12 2024
Iteration 52 (1000 requested)
Beginning iteration 52
60 segments remain in iteration 52 (60 total)
6 of 38 (15.789474%) active bins are populated
per-bin minimum non-zero probability:       0.00781876
per-bin maximum probability:                0.361712
per-bin probability dynamic range (kT):     3.83432
per-segment minimum non-zero probability:   3.60923e-10
per-segment maximum non-zero probability:   0.0727244
per-segment probability dynamic range (kT): 19.1213
norm = 1, error in norm = -1.11022e-16 (-0.5*epsilon)
Iteration wallclock: 0:04:42.518073, cputime: 0:30:18.662134


Tue Mar 12 23:31:54 2024
Iteration 53 (1000 requested)
Beginning iteration 53
60 segments remain in iteration 53 (60 total)
6 of 38 (15.789474%) active bins are populated
per-bin minimum non-zero probability:       0.0160839
per-bin maximum probability:                0.355112
per-bin probability dynamic range (kT):     3.09461
per-segment minimum non-zero probability:   6.01539e-11
per-segment maximum non-zero probability:   0.0714281
per-segment probability dynamic range (kT): 20.8951
norm = 1, error in norm = 2.22045e-16 (1*epsilon)
Iteration wallclock: 0:04:29.955453, cputime: 0:30:26.725400


Tue Mar 12 23:36:24 2024
Iteration 54 (1000 requested)
Beginning iteration 54
54 segments remain in iteration 54 (54 total)
6 of 38 (15.789474%) active bins are populated
per-bin minimum non-zero probability:       0.00598346
per-bin maximum probability:                0.445017
per-bin probability dynamic range (kT):     4.30912
per-segment minimum non-zero probability:   1.67617e-08
per-segment maximum non-zero probability:   0.105128
per-segment probability dynamic range (kT): 15.6516
norm = 1, error in norm = 2.22045e-16 (1*epsilon)
Iteration wallclock: 0:03:59.919645, cputime: 0:27:13.474412


Tue Mar 12 23:40:24 2024
Iteration 55 (1000 requested)
Beginning iteration 55
60 segments remain in iteration 55 (60 total)
6 of 38 (15.789474%) active bins are populated
per-bin minimum non-zero probability:       0.00299233
per-bin maximum probability:                0.323937
per-bin probability dynamic range (kT):     4.6845
per-segment minimum non-zero probability:   0.000166171
per-segment maximum non-zero probability:   0.070979
per-segment probability dynamic range (kT): 6.05712
norm = 1, error in norm = 4.44089e-16 (2*epsilon)
Iteration wallclock: 0:04:31.241447, cputime: 0:30:22.803830


Tue Mar 12 23:44:56 2024
Iteration 56 (1000 requested)
Beginning iteration 56
60 segments remain in iteration 56 (60 total)
6 of 38 (15.789474%) active bins are populated
per-bin minimum non-zero probability:       0.0011632
per-bin maximum probability:                0.303535
per-bin probability dynamic range (kT):     5.56433
per-segment minimum non-zero probability:   2.76951e-05
per-segment maximum non-zero probability:   0.0700853
per-segment probability dynamic range (kT): 7.83621
norm = 1, error in norm = 2.22045e-16 (1*epsilon)
Iteration wallclock: 0:04:22.244061, cputime: 0:30:27.945552


Tue Mar 12 23:49:18 2024
Iteration 57 (1000 requested)
Beginning iteration 57
60 segments remain in iteration 57 (60 total)
6 of 38 (15.789474%) active bins are populated
per-bin minimum non-zero probability:       0.00252044
per-bin maximum probability:                0.411412
per-bin probability dynamic range (kT):     5.09516
per-segment minimum non-zero probability:   4.61586e-06
per-segment maximum non-zero probability:   0.0980215
per-segment probability dynamic range (kT): 9.96345
norm = 1, error in norm = 2.22045e-16 (1*epsilon)
Iteration wallclock: 0:04:32.774132, cputime: 0:30:28.654643


Tue Mar 12 23:53:51 2024
Iteration 58 (1000 requested)
Beginning iteration 58
60 segments remain in iteration 58 (60 total)
6 of 38 (15.789474%) active bins are populated
per-bin minimum non-zero probability:       6.4622e-05
per-bin maximum probability:                0.501541
per-bin probability dynamic range (kT):     8.95689
per-segment minimum non-zero probability:   7.69309e-07
per-segment maximum non-zero probability:   0.0980215
per-segment probability dynamic range (kT): 11.7552
norm = 1, error in norm = 2.22045e-16 (1*epsilon)
Iteration wallclock: 0:04:17.619574, cputime: 0:30:19.905775


Tue Mar 12 23:58:08 2024
Iteration 59 (1000 requested)
Beginning iteration 59
54 segments remain in iteration 59 (54 total)
6 of 38 (15.789474%) active bins are populated
per-bin minimum non-zero probability:       1.0001e-05
per-bin maximum probability:                0.265013
per-bin probability dynamic range (kT):     10.1848
per-segment minimum non-zero probability:   1.28218e-07
per-segment maximum non-zero probability:   0.0700853
per-segment probability dynamic range (kT): 13.2115
norm = 1, error in norm = 4.44089e-16 (2*epsilon)
Iteration wallclock: 0:04:06.985230, cputime: 0:27:16.196381


Wed Mar 13 00:02:15 2024
Iteration 60 (1000 requested)
Beginning iteration 60
60 segments remain in iteration 60 (60 total)
6 of 38 (15.789474%) active bins are populated
per-bin minimum non-zero probability:       6.66735e-06
per-bin maximum probability:                0.343866
per-bin probability dynamic range (kT):     10.8508
per-segment minimum non-zero probability:   2.13697e-08
per-segment maximum non-zero probability:   0.0829763
per-segment probability dynamic range (kT): 15.1721
norm = 1, error in norm = 0 (0*epsilon)
Iteration wallclock: 0:04:30.833930, cputime: 0:30:32.413981


Wed Mar 13 00:06:46 2024
Iteration 61 (1000 requested)
Beginning iteration 61
60 segments remain in iteration 61 (60 total)
6 of 38 (15.789474%) active bins are populated
per-bin minimum non-zero probability:       1.79505e-06
per-bin maximum probability:                0.394592
per-bin probability dynamic range (kT):     12.3006
per-segment minimum non-zero probability:   4.27394e-08
per-segment maximum non-zero probability:   0.0829763
per-segment probability dynamic range (kT): 14.4789
norm = 1, error in norm = 0 (0*epsilon)
Iteration wallclock: 0:04:28.947945, cputime: 0:30:29.684245


Wed Mar 13 00:11:15 2024
Iteration 62 (1000 requested)
Beginning iteration 62
60 segments remain in iteration 62 (60 total)
6 of 38 (15.789474%) active bins are populated
per-bin minimum non-zero probability:       6.00061e-05
per-bin maximum probability:                0.318029
per-bin probability dynamic range (kT):     8.57545
per-segment minimum non-zero probability:   4.27394e-08
per-segment maximum non-zero probability:   0.0700853
per-segment probability dynamic range (kT): 14.3101
norm = 1, error in norm = 0 (0*epsilon)
Iteration wallclock: 0:04:28.074963, cputime: 0:30:25.902393


Wed Mar 13 00:15:43 2024
Iteration 63 (1000 requested)
Beginning iteration 63
60 segments remain in iteration 63 (60 total)
6 of 38 (15.789474%) active bins are populated
per-bin minimum non-zero probability:       1.39758e-05
per-bin maximum probability:                0.402274
per-bin probability dynamic range (kT):     10.2676
per-segment minimum non-zero probability:   7.12323e-09
per-segment maximum non-zero probability:   0.0803957
per-segment probability dynamic range (kT): 16.2391
norm = 1, error in norm = 0 (0*epsilon)
Iteration wallclock: 0:04:24.414762, cputime: 0:30:34.952844


Wed Mar 13 00:20:08 2024
Iteration 64 (1000 requested)
Beginning iteration 64
54 segments remain in iteration 64 (54 total)
6 of 38 (15.789474%) active bins are populated
per-bin minimum non-zero probability:       0.000260182
per-bin maximum probability:                0.462087
per-bin probability dynamic range (kT):     7.48213
per-segment minimum non-zero probability:   1.18721e-09
per-segment maximum non-zero probability:   0.103731
per-segment probability dynamic range (kT): 18.2857
norm = 1, error in norm = 2.22045e-16 (1*epsilon)
Iteration wallclock: 0:03:57.120240, cputime: 0:27:26.529422


Wed Mar 13 00:24:05 2024
Iteration 65 (1000 requested)
Beginning iteration 65
60 segments remain in iteration 65 (60 total)
6 of 38 (15.789474%) active bins are populated
per-bin minimum non-zero probability:       2.29368e-06
per-bin maximum probability:                0.46345
per-bin probability dynamic range (kT):     12.2163
per-segment minimum non-zero probability:   1.97868e-10
per-segment maximum non-zero probability:   0.103731
per-segment probability dynamic range (kT): 20.0775
norm = 1, error in norm = 2.22045e-16 (1*epsilon)
-- ERROR    [westpa.work_managers.core] -- uncaught exception in remote function
Traceback (most recent call last):
  File "/home1/09416/dty7/work/module_build_we_amber/modules/westpa/22.06_b/lib/python3.9/site-packages/westpa/core/propagators/executable.py", line 520, in prepare_file_system
    os.makedirs(environ[self.ENV_CURRENT_SEG_DATA_REF])
  File "/work/09416/dty7/ls6/module_build_we_amber/modules/envwestpa/1.0_b/lib/python3.9/os.py", line 225, in makedirs
    mkdir(name, mode)
FileNotFoundError: [Errno 2] No such file or directory: '/home1/09416/dty7/scratch/d1d2/2kod/ls6-we/7f_mmab_1d_ss_v00/traj_segs/000065/000005'

During handling of the above exception, another exception occurred:

Traceback (most recent call last):
  File "/home1/09416/dty7/work/module_build_we_amber/modules/westpa/22.06_b/lib/python3.9/site-packages/westpa/work_managers/zeromq/core.py", line 153, in execute
    rsl.result = self.fn(*self.args, **self.kwargs)
  File "/home1/09416/dty7/work/module_build_we_amber/modules/westpa/22.06_b/lib/python3.9/site-packages/westpa/core/wm_ops.py", line 40, in propagate
    incoming_segments = {segment.seg_id: segment for segment in propagator.propagate(segments)}
  File "/home1/09416/dty7/work/module_build_we_amber/modules/westpa/22.06_b/lib/python3.9/site-packages/westpa/core/propagators/executable.py", line 681, in propagate
    rc, rusage = self.exec_for_segment(child_info, segment, addtl_env)
  File "/home1/09416/dty7/work/module_build_we_amber/modules/westpa/22.06_b/lib/python3.9/site-packages/westpa/core/propagators/executable.py", line 489, in exec_for_segment
    self.prepare_file_system(segment, environ)
  File "/home1/09416/dty7/work/module_build_we_amber/modules/westpa/22.06_b/lib/python3.9/site-packages/westpa/core/propagators/executable.py", line 523, in prepare_file_system
    shutil.rmtree(environ[self.ENV_CURRENT_SEG_DATA_REF])
  File "/work/09416/dty7/ls6/module_build_we_amber/modules/envwestpa/1.0_b/lib/python3.9/shutil.py", line 724, in rmtree
    onerror(os.lstat, path, sys.exc_info())
  File "/work/09416/dty7/ls6/module_build_we_amber/modules/envwestpa/1.0_b/lib/python3.9/shutil.py", line 722, in rmtree
    orig_st = os.lstat(path)
FileNotFoundError: [Errno 2] No such file or directory: '/home1/09416/dty7/scratch/d1d2/2kod/ls6-we/7f_mmab_1d_ss_v00/traj_segs/000065/000005'

exception caught; shutting down
-- ERROR    [w_run] -- error message: [Errno 2] No such file or directory: '/home1/09416/dty7/scratch/d1d2/2kod/ls6-we/7f_mmab_1d_ss_v00/traj_segs/000065/000005'
-- ERROR    [w_run] -- Traceback (most recent call last):
  File "/home1/09416/dty7/work/module_build_we_amber/modules/westpa/22.06_b/lib/python3.9/site-packages/westpa/cli/core/w_run.py", line 61, in run_simulation
    sim_manager.run()
  File "/scratch/09416/dty7/d1d2/2kod/ls6-we/7f_mmab_1d_ss_v00/manager.py", line 706, in run
    self.propagate()
  File "/scratch/09416/dty7/d1d2/2kod/ls6-we/7f_mmab_1d_ss_v00/manager.py", line 550, in propagate
    incoming = future.get_result()
  File "/home1/09416/dty7/work/module_build_we_amber/modules/westpa/22.06_b/lib/python3.9/site-packages/westpa/work_managers/core.py", line 332, in get_result
    raise self._exception
FileNotFoundError: [Errno 2] No such file or directory: '/home1/09416/dty7/scratch/d1d2/2kod/ls6-we/7f_mmab_1d_ss_v00/traj_segs/000065/000005'

